[2026-04-08 10:00:37] [INFO ] ════════════════════════════════════════
[2026-04-08 10:00:37] [INFO ] VoiceInput (macOS) starting up
[2026-04-08 10:00:37] [INFO ] ════════════════════════════════════════
[2026-04-08 10:00:37] [INFO ] Config loaded: app_id=1380983374 resource_id=volc.seedasr.auc
[2026-04-08 10:00:37] [INFO ] Hotkeys: start=Option+Space stop=Space
[2026-04-08 10:00:37] [INFO ] Microphone permission granted
[2026-04-08 10:00:37] [INFO ] HotkeyManager configured: start=Option+Space, stop=Space
[2026-04-08 10:00:37] [INFO ] HotkeyManager: 键盘钩子已安装 (Option+Space 开始，Space 停止，ESC 退出)
[2026-04-08 10:00:37] [INFO ] AppController ready — Option+Space: 录音, Space: 停止, ESC: 取消
[2026-04-08 10:00:37] [INFO ] Config saved to /Users/zuopiezi/Desktop/Mac/VoiceInput.app/Contents/MacOS/config.json
[2026-04-08 10:01:16] [INFO ] Hotkey triggered → 开始录音
[2026-04-08 10:01:17] [INFO ] AudioRecorder: started sampleRate=48000.0
[2026-04-08 10:01:17] [INFO ] State → RECORDING
[2026-04-08 10:01:19] [INFO ] State → TRANSCRIBING
[2026-04-08 10:01:19] [INFO ] AudioRecorder: stopped samples=91200 duration_ms=1900
[2026-04-08 10:01:19] [INFO ] WAV built: 182444 bytes
[2026-04-08 10:01:19] [INFO ] ASR recognize: request_id=8b3225bb-a4d9-4993-9680-9434f03f540d wav_bytes=182444
[2026-04-08 10:01:19] [INFO ] ASR submit: https://openspeech.bytedance.com/api/v3/auc/bigmodel/submit body_bytes=299658
[2026-04-08 10:01:19] [INFO ] ASR submit response: code=20000000 msg=OK
[2026-04-08 10:01:19] [INFO ] ASR submit OK
[2026-04-08 10:01:19] [INFO ] ASR poll #1 code=20000001 status= text_len=0
[2026-04-08 10:01:19] [INFO ] ASR processing...
[2026-04-08 10:01:20] [INFO ] ASR poll #2 code=20000000 status= text_len=5
[2026-04-08 10:01:20] [INFO ] ASR success
[2026-04-08 10:01:21] [INFO ] Clipboard set: 5 chars
[2026-04-08 10:01:21] [INFO ] Cmd+V sent
[2026-04-08 10:01:21] [INFO ] Return sent
